\BOOKMARK [1][-]{section.1}{\376\377\000C\000o\000m\000p\000a\000n\000y\000\040\000B\000a\000c\000k\000g\000r\000o\000u\000n\000d}{}% 1
\BOOKMARK [1][-]{section.2}{\376\377\000P\000r\000o\000b\000l\000e\000m\000\040\000I\000n\000t\000r\000o\000d\000u\000c\000t\000i\000o\000n}{}% 2
\BOOKMARK [1][-]{section.3}{\376\377\000L\000i\000t\000e\000r\000a\000t\000u\000r\000e\000\040\000R\000e\000v\000i\000e\000w\000\040\000a\000n\000d\000\040\000B\000a\000c\000k\000g\000r\000o\000u\000n\000d\000\040\000I\000n\000f\000o\000r\000m\000a\000t\000i\000o\000n}{}% 3
\BOOKMARK [2][-]{subsection.3.1}{\376\377\000M\000I\000G\000\040\000W\000A\000A\000M}{section.3}% 4
\BOOKMARK [3][-]{subsubsection.3.1.1}{\376\377\000P\000r\000o\000c\000e\000s\000s\000\040\000p\000a\000r\000a\000m\000e\000t\000e\000r\000s}{subsection.3.1}% 5
\BOOKMARK [3][-]{subsubsection.3.1.2}{\376\377\000C\000o\000l\000d\000\040\000M\000e\000t\000a\000l\000\040\000T\000r\000a\000n\000s\000f\000e\000r\000\040\000\050\000C\000M\000T\000\051}{subsection.3.1}% 6
\BOOKMARK [2][-]{subsection.3.2}{\376\377\000S\000o\000f\000t\000\040\000M\000a\000g\000n\000e\000t\000i\000c\000\040\000M\000a\000t\000e\000r\000i\000a\000l\000s}{section.3}% 7
\BOOKMARK [3][-]{subsubsection.3.2.1}{\376\377\000M\000a\000g\000n\000e\000t\000i\000c\000\040\000p\000r\000o\000p\000e\000r\000t\000y\000\040\000d\000e\000f\000i\000n\000i\000t\000i\000o\000n\000s}{subsection.3.2}% 8
\BOOKMARK [3][-]{subsubsection.3.2.2}{\376\377\000P\000r\000o\000p\000e\000r\000t\000i\000e\000s\000\040\000o\000f\000\040\000S\000M\000M\000s}{subsection.3.2}% 9
\BOOKMARK [3][-]{subsubsection.3.2.3}{\376\377\000F\000e\000-\000C\000o\000\040\000a\000l\000l\000o\000y\000s}{subsection.3.2}% 10
\BOOKMARK [3][-]{subsubsection.3.2.4}{\376\377\000M\000i\000c\000r\000o\000s\000t\000r\000u\000c\000t\000u\000r\000e\000\040\000a\000n\000d\000\040\000m\000a\000g\000n\000e\000t\000i\000c\000\040\000p\000r\000o\000p\000e\000r\000t\000i\000e\000s}{subsection.3.2}% 11
\BOOKMARK [2][-]{subsection.3.3}{\376\377\000C\000h\000a\000r\000a\000c\000t\000e\000r\000i\000z\000a\000t\000i\000o\000n\000\040\000t\000e\000c\000h\000n\000i\000q\000u\000e\000s}{section.3}% 12
\BOOKMARK [3][-]{subsubsection.3.3.1}{\376\377\000W\000e\000l\000d\000\040\000C\000h\000a\000r\000a\000c\000t\000e\000r\000i\000z\000a\000t\000i\000o\000n}{subsection.3.3}% 13
\BOOKMARK [3][-]{subsubsection.3.3.2}{\376\377\000M\000a\000g\000n\000e\000t\000i\000c\000\040\000C\000h\000a\000r\000a\000c\000t\000e\000r\000i\000z\000a\000t\000i\000o\000n}{subsection.3.3}% 14
\BOOKMARK [2][-]{subsection.3.4}{\376\377\000P\000o\000s\000t\000\040\000t\000r\000e\000a\000t\000m\000e\000n\000t\000\040\000t\000e\000c\000h\000n\000i\000q\000u\000e\000s}{section.3}% 15
\BOOKMARK [2][-]{subsection.3.5}{\376\377\000P\000r\000e\000v\000i\000o\000u\000s\000\040\000w\000o\000r\000k}{section.3}% 16
\BOOKMARK [1][-]{section.4}{\376\377\000M\000e\000t\000h\000o\000d\000s}{}% 17
\BOOKMARK [2][-]{subsection.4.1}{\376\377\000E\000x\000p\000e\000r\000i\000m\000e\000n\000t\000a\000l\000\040\000S\000e\000t\000u\000p}{section.4}% 18
\BOOKMARK [2][-]{subsection.4.2}{\376\377\000E\000x\000p\000e\000r\000i\000m\000e\000n\000t\000a\000l\000\040\000P\000r\000o\000c\000e\000d\000u\000r\000e}{section.4}% 19
\BOOKMARK [1][-]{section.5}{\376\377\000M\000a\000g\000n\000e\000t\000i\000c\000\040\000R\000e\000s\000u\000l\000t\000s}{}% 20
\BOOKMARK [1][-]{section.6}{\376\377\000R\000e\000c\000o\000m\000m\000e\000n\000d\000a\000t\000i\000o\000n\000s}{}% 21
